Demo/launcher/build/outputs/logs/manifest-merger-debug-report.txt
-- Merging decision tree log ---
manifest
ADDED from src\main\AndroidManifest.xml:3:1-6:12
INJECTED from src\main\AndroidManifest.xml:3:1-6:12
INJECTED from src\main\AndroidManifest.xml:3:1-6:12
INJECTED from src\main\AndroidManifest.xml:3:1-6:12
MERGED from [:unityLibrary] AndroidManifest.xml:3:1-73:12
MERGED from [:animated-vector-drawable-25.1.0:] AndroidManifest.xml:17:1-24:12
MERGED from [:appcompat-v7-25.1.0:] AndroidManifest.xml:17:1-27:12
MERGED from [:arcore_client:] AndroidManifest.xml:17:1-44:12
MERGED from [:com.mapbox.android.unity-debug:] AndroidManifest.xml:2:1-18:12
MERGED from [:google_ar_required:] AndroidManifest.xml:2:1-10:12
MERGED from [:libcore-release:] AndroidManifest.xml:2:1-14:12
MERGED from [:libtelemetry-full-release:] AndroidManifest.xml:2:1-30:12
MERGED from [:Pedometer:] AndroidManifest.xml:2:1-17:12
MERGED from [:support-compat-25.1.0:] AndroidManifest.xml:17:1-27:12
MERGED from [:support-core-ui-25.1.0:] AndroidManifest.xml:17:1-27:12
MERGED from [:support-core-utils-25.1.0:] AndroidManifest.xml:17:1-27:12
MERGED from [:support-media-compat-25.1.0:] AndroidManifest.xml:17:1-27:12
MERGED from [:support-v4-25.1.0:] AndroidManifest.xml:17:1-27:12
MERGED from [:support-vector-drawable-25.1.0:] AndroidManifest.xml:17:1-25:12
MERGED from [:unityandroidpermissions:] AndroidManifest.xml:6:1-15:12
MERGED from [:unitygar:] AndroidManifest.xml:2:1-11:12
INJECTED from src\main\AndroidManifest.xml:3:1-6:12
INJECTED from src\main\AndroidManifest.xml:3:1-6:12
INJECTED from src\main\AndroidManifest.xml:3:1-6:12
	package
		ADDED from src\main\AndroidManifest.xml:3:70-96
		INJECTED from src\main\AndroidManifest.xml
		INJECTED from src\main\AndroidManifest.xml
	android:versionName
		INJECTED from src\main\AndroidManifest.xml
		ADDED from src\main\AndroidManifest.xml:3:1-6:12
		INJECTED from src\main\AndroidManifest.xml
	xmlns:tools
		ADDED from src\main\AndroidManifest.xml:3:97-143
	android:versionCode
		INJECTED from src\main\AndroidManifest.xml
		ADDED from src\main\AndroidManifest.xml:3:1-6:12
		INJECTED from src\main\AndroidManifest.xml
	xmlns:android
		ADDED from src\main\AndroidManifest.xml:3:11-69
	android:installLocation
		ADDED from src\main\AndroidManifest.xml:3:144-184
supports-screens
ADDED from src\main\AndroidManifest.xml:4:3-163
	android:largeScreens
		ADDED from src\main\AndroidManifest.xml:4:78-105
	android:smallScreens
		ADDED from src\main\AndroidManifest.xml:4:21-48
	android:normalScreens
		ADDED from src\main\AndroidManifest.xml:4:49-77
	android:xlargeScreens
		ADDED from src\main\AndroidManifest.xml:4:106-134
	android:anyDensity
		ADDED from src\main\AndroidManifest.xml:4:135-160
application
ADDED from src\main\AndroidManifest.xml:5:3-83
MERGED from [:unityLibrary] AndroidManifest.xml:37:5-71:19
MERGED from [:unityLibrary] AndroidManifest.xml:37:5-71:19
MERGED from [:animated-vector-drawable-25.1.0:] AndroidManifest.xml:22:5-20
MERGED from [:animated-vector-drawable-25.1.0:] AndroidManifest.xml:22:5-20
MERGED from [:appcompat-v7-25.1.0:] AndroidManifest.xml:25:5-20
MERGED from [:appcompat-v7-25.1.0:] AndroidManifest.xml:25:5-20
MERGED from [:arcore_client:] AndroidManifest.xml:28:5-42:19
MERGED from [:arcore_client:] AndroidManifest.xml:28:5-42:19
MERGED from [:google_ar_required:] AndroidManifest.xml:6:5-8:19
MERGED from [:google_ar_required:] AndroidManifest.xml:6:5-8:19
MERGED from [:libtelemetry-full-release:] AndroidManifest.xml:18:5-28:19
MERGED from [:libtelemetry-full-release:] AndroidManifest.xml:18:5-28:19
MERGED from [:Pedometer:] AndroidManifest.xml:11:5-15:19
MERGED from [:Pedometer:] AndroidManifest.xml:11:5-15:19
MERGED from [:support-compat-25.1.0:] AndroidManifest.xml:25:5-20
MERGED from [:support-compat-25.1.0:] AndroidManifest.xml:25:5-20
MERGED from [:support-core-ui-25.1.0:] AndroidManifest.xml:25:5-20
MERGED from [:support-core-ui-25.1.0:] AndroidManifest.xml:25:5-20
MERGED from [:support-core-utils-25.1.0:] AndroidManifest.xml:25:5-20
MERGED from [:support-core-utils-25.1.0:] AndroidManifest.xml:25:5-20
MERGED from [:support-media-compat-25.1.0:] AndroidManifest.xml:25:5-20
MERGED from [:support-media-compat-25.1.0:] AndroidManifest.xml:25:5-20
MERGED from [:support-v4-25.1.0:] AndroidManifest.xml:25:5-20
MERGED from [:support-v4-25.1.0:] AndroidManifest.xml:25:5-20
MERGED from [:support-vector-drawable-25.1.0:] AndroidManifest.xml:23:5-20
MERGED from [:support-vector-drawable-25.1.0:] AndroidManifest.xml:23:5-20
	android:supportsRtl
		ADDED from [:Pedometer:] AndroidManifest.xml:14:9-35
	android:label
		ADDED from src\main\AndroidManifest.xml:5:16-48
	android:allowBackup
		ADDED from [:Pedometer:] AndroidManifest.xml:12:9-35
	android:icon
		ADDED from src\main\AndroidManifest.xml:5:49-80
uses-sdk
INJECTED from src\main\AndroidManifest.xml reason: use-sdk injection requested
INJECTED from src\main\AndroidManifest.xml
INJECTED from src\main\AndroidManifest.xml
MERGED from [:unityLibrary] AndroidManifest.xml:9:5-11:41
MERGED from [:unityLibrary] AndroidManifest.xml:9:5-11:41
MERGED from [:animated-vector-drawable-25.1.0:] AndroidManifest.xml:20:5-44
MERGED from [:animated-vector-drawable-25.1.0:] AndroidManifest.xml:20:5-44
MERGED from [:appcompat-v7-25.1.0:] AndroidManifest.xml:21:5-23:78
MERGED from [:appcompat-v7-25.1.0:] AndroidManifest.xml:21:5-23:78
MERGED from [:arcore_client:] AndroidManifest.xml:25:5-44
MERGED from [:arcore_client:] AndroidManifest.xml:25:5-44
MERGED from [:arcore_client:] AndroidManifest.xml:26:5-47
MERGED from [:arcore_client:] AndroidManifest.xml:26:5-47
MERGED from [:com.mapbox.android.unity-debug:] AndroidManifest.xml:7:5-9:41
MERGED from [:com.mapbox.android.unity-debug:] AndroidManifest.xml:7:5-9:41
MERGED from [:libcore-release:] AndroidManifest.xml:7:5-9:41
MERGED from [:libcore-release:] AndroidManifest.xml:7:5-9:41
MERGED from [:libtelemetry-full-release:] AndroidManifest.xml:7:5-9:41
MERGED from [:libtelemetry-full-release:] AndroidManifest.xml:7:5-9:41
MERGED from [:Pedometer:] AndroidManifest.xml:7:5-9:41
MERGED from [:Pedometer:] AndroidManifest.xml:7:5-9:41
MERGED from [:support-compat-25.1.0:] AndroidManifest.xml:21:5-23:58
MERGED from [:support-compat-25.1.0:] AndroidManifest.xml:21:5-23:58
MERGED from [:support-core-ui-25.1.0:] AndroidManifest.xml:21:5-23:58
MERGED from [:support-core-ui-25.1.0:] AndroidManifest.xml:21:5-23:58
MERGED from [:support-core-utils-25.1.0:] AndroidManifest.xml:21:5-23:61
MERGED from [:support-core-utils-25.1.0:] AndroidManifest.xml:21:5-23:61
MERGED from [:support-media-compat-25.1.0:] AndroidManifest.xml:21:5-23:63
MERGED from [:support-media-compat-25.1.0:] AndroidManifest.xml:21:5-23:63
MERGED from [:support-v4-25.1.0:] AndroidManifest.xml:21:5-23:54
MERGED from [:support-v4-25.1.0:] AndroidManifest.xml:21:5-23:54
MERGED from [:support-vector-drawable-25.1.0:] AndroidManifest.xml:21:5-43
MERGED from [:support-vector-drawable-25.1.0:] AndroidManifest.xml:21:5-43
MERGED from [:unityandroidpermissions:] AndroidManifest.xml:11:5-13:41
MERGED from [:unityandroidpermissions:] AndroidManifest.xml:11:5-13:41
MERGED from [:unitygar:] AndroidManifest.xml:7:5-9:41
MERGED from [:unitygar:] AndroidManifest.xml:7:5-9:41
INJECTED from src\main\AndroidManifest.xml
INJECTED from src\main\AndroidManifest.xml
	tools:overrideLibrary
		ADDED from [:appcompat-v7-25.1.0:] AndroidManifest.xml:23:9-75
	android:targetSdkVersion
		INJECTED from src\main\AndroidManifest.xml
		ADDED from src\main\AndroidManifest.xml
		INJECTED from src\main\AndroidManifest.xml
	android:minSdkVersion
		INJECTED from src\main\AndroidManifest.xml
		ADDED from src\main\AndroidManifest.xml
		MERGED from src\main\AndroidManifest.xml
		INJECTED from src\main\AndroidManifest.xml
uses-feature#0x00030000
ADDED from [:unityLibrary] AndroidManifest.xml:13:5-54
	android:glEsVersion
		ADDED from [:unityLibrary] AndroidManifest.xml:13:19-51
uses-feature#android.hardware.vulkan.version
ADDED from [:unityLibrary] AndroidManifest.xml:14:5-16:36
	android:required
		ADDED from [:unityLibrary] AndroidManifest.xml:16:9-33
	android:name
		ADDED from [:unityLibrary] AndroidManifest.xml:15:9-55
uses-permission#android.permission.INTERNET
ADDED from [:unityLibrary] AndroidManifest.xml:18:5-67
MERGED from [:libtelemetry-full-release:] AndroidManifest.xml:16:5-67
MERGED from [:libtelemetry-full-release:] AndroidManifest.xml:16:5-67
	android:name
		ADDED from [:unityLibrary] AndroidManifest.xml:18:22-64
uses-permission#android.permission.ACCESS_FINE_LOCATION
ADDED from [:unityLibrary] AndroidManifest.xml:19:5-79
MERGED from [:com.mapbox.android.unity-debug:] AndroidManifest.xml:11:5-79
MERGED from [:com.mapbox.android.unity-debug:] AndroidManifest.xml:11:5-79
MERGED from [:libcore-release:] AndroidManifest.xml:11:5-79
MERGED from [:libcore-release:] AndroidManifest.xml:11:5-79
MERGED from [:libtelemetry-full-release:] AndroidManifest.xml:13:5-79
MERGED from [:libtelemetry-full-release:] AndroidManifest.xml:13:5-79
	android:name
		ADDED from [:unityLibrary] AndroidManifest.xml:19:22-76
uses-feature#android.hardware.location.gps
ADDED from [:unityLibrary] AndroidManifest.xml:21:5-23:36
MERGED from [:com.mapbox.android.unity-debug:] AndroidManifest.xml:14:5-16:35
MERGED from [:com.mapbox.android.unity-debug:] AndroidManifest.xml:14:5-16:35
	android:required
		ADDED from [:unityLibrary] AndroidManifest.xml:23:9-33
	android:name
		ADDED from [:unityLibrary] AndroidManifest.xml:22:9-53
uses-feature#android.hardware.location
ADDED from [:unityLibrary] AndroidManifest.xml:24:5-26:36
	android:required
		ADDED from [:unityLibrary] AndroidManifest.xml:26:9-33
	android:name
		ADDED from [:unityLibrary] AndroidManifest.xml:25:9-49
uses-feature#android.hardware.touchscreen
ADDED from [:unityLibrary] AndroidManifest.xml:27:5-29:36
	android:required
		ADDED from [:unityLibrary] AndroidManifest.xml:29:9-33
	android:name
		ADDED from [:unityLibrary] AndroidManifest.xml:28:9-52
uses-feature#android.hardware.touchscreen.multitouch
ADDED from [:unityLibrary] AndroidManifest.xml:30:5-32:36
	android:required
		ADDED from [:unityLibrary] AndroidManifest.xml:32:9-33
	android:name
		ADDED from [:unityLibrary] AndroidManifest.xml:31:9-63
uses-feature#android.hardware.touchscreen.multitouch.distinct
ADDED from [:unityLibrary] AndroidManifest.xml:33:5-35:36
	android:required
		ADDED from [:unityLibrary] AndroidManifest.xml:35:9-33
	android:name
		ADDED from [:unityLibrary] AndroidManifest.xml:34:9-72
activity#com.unity3d.player.UnityPlayerActivity
ADDED from [:unityLibrary] AndroidManifest.xml:38:9-57:20
	android:screenOrientation
		ADDED from [:unityLibrary] AndroidManifest.xml:43:13-49
	android:launchMode
		ADDED from [:unityLibrary] AndroidManifest.xml:42:13-44
	android:hardwareAccelerated
		ADDED from [:unityLibrary] AndroidManifest.xml:41:13-48
	android:configChanges
		ADDED from [:unityLibrary] AndroidManifest.xml:40:13-194
	android:theme
		ADDED from [:unityLibrary] AndroidManifest.xml:44:13-54
	android:name
		ADDED from [:unityLibrary] AndroidManifest.xml:39:13-66
intent-filter#action:name:android.intent.action.MAIN+category:name:android.intent.category.LAUNCHER
ADDED from [:unityLibrary] AndroidManifest.xml:45:13-49:29
action#android.intent.action.MAIN
ADDED from [:unityLibrary] AndroidManifest.xml:46:17-69
	android:name
		ADDED from [:unityLibrary] AndroidManifest.xml:46:25-66
category#android.intent.category.LAUNCHER
ADDED from [:unityLibrary] AndroidManifest.xml:48:17-77
	android:name
		ADDED from [:unityLibrary] AndroidManifest.xml:48:27-74
meta-data#unityplayer.UnityActivity
ADDED from [:unityLibrary] AndroidManifest.xml:51:13-53:40
	android:value
		ADDED from [:unityLibrary] AndroidManifest.xml:53:17-37
	android:name
		ADDED from [:unityLibrary] AndroidManifest.xml:52:17-57
meta-data#android.notch_support
ADDED from [:unityLibrary] AndroidManifest.xml:54:13-56:40
	android:value
		ADDED from [:unityLibrary] AndroidManifest.xml:56:17-37
	android:name
		ADDED from [:unityLibrary] AndroidManifest.xml:55:17-53
meta-data#unity.splash-mode
ADDED from [:unityLibrary] AndroidManifest.xml:59:9-61:33
	android:value
		ADDED from [:unityLibrary] AndroidManifest.xml:61:13-30
	android:name
		ADDED from [:unityLibrary] AndroidManifest.xml:60:13-45
meta-data#unity.splash-enable
ADDED from [:unityLibrary] AndroidManifest.xml:62:9-64:36
	android:value
		ADDED from [:unityLibrary] AndroidManifest.xml:64:13-33
	android:name
		ADDED from [:unityLibrary] AndroidManifest.xml:63:13-47
meta-data#notch.config
ADDED from [:unityLibrary] AndroidManifest.xml:65:9-67:50
	android:value
		ADDED from [:unityLibrary] AndroidManifest.xml:67:13-47
	android:name
		ADDED from [:unityLibrary] AndroidManifest.xml:66:13-40
meta-data#unity.build-id
ADDED from [:unityLibrary] AndroidManifest.xml:68:9-70:68
	android:value
		ADDED from [:unityLibrary] AndroidManifest.xml:70:13-65
	android:name
		ADDED from [:unityLibrary] AndroidManifest.xml:69:13-42
activity#com.google.ar.core.InstallActivity
ADDED from [:arcore_client:] AndroidManifest.xml:31:9-37:80
	android:excludeFromRecents
		ADDED from [:arcore_client:] AndroidManifest.xml:34:13-46
	android:launchMode
		ADDED from [:arcore_client:] AndroidManifest.xml:36:13-43
	android:exported
		ADDED from [:arcore_client:] AndroidManifest.xml:35:13-37
	android:configChanges
		ADDED from [:arcore_client:] AndroidManifest.xml:33:13-74
	android:theme
		ADDED from [:arcore_client:] AndroidManifest.xml:37:13-77
	android:name
		ADDED from [:arcore_client:] AndroidManifest.xml:32:13-62
meta-data#com.google.ar.core.min_apk_version
ADDED from [:arcore_client:] AndroidManifest.xml:39:9-41:41
	android:value
		ADDED from [:arcore_client:] AndroidManifest.xml:41:13-38
	android:name
		ADDED from [:arcore_client:] AndroidManifest.xml:40:13-62
uses-permission#android.permission.ACCESS_COARSE_LOCATION
ADDED from [:com.mapbox.android.unity-debug:] AndroidManifest.xml:12:5-81
	android:name
		ADDED from [:com.mapbox.android.unity-debug:] AndroidManifest.xml:12:22-78
meta-data#com.google.ar.core
ADDED from [:google_ar_required:] AndroidManifest.xml:7:9-81
	android:value
		ADDED from [:google_ar_required:] AndroidManifest.xml:7:54-78
	android:name
		ADDED from [:google_ar_required:] AndroidManifest.xml:7:20-53
uses-feature#android.hardware.camera.ar
ADDED from [:google_ar_required:] AndroidManifest.xml:9:5-86
	android:required
		ADDED from [:google_ar_required:] AndroidManifest.xml:9:61-84
	android:name
		ADDED from [:google_ar_required:] AndroidManifest.xml:9:19-60
uses-permission#android.permission.WRITE_EXTERNAL_STORAGE
IMPLIED from src\main\AndroidManifest.xml:3:1-6:12 reason: com.google.ar.core.unity.manifestsettings has a targetSdkVersion < 4
uses-permission#android.permission.READ_PHONE_STATE
IMPLIED from src\main\AndroidManifest.xml:3:1-6:12 reason: com.google.ar.core.unity.manifestsettings has a targetSdkVersion < 4
uses-permission#android.permission.READ_EXTERNAL_STORAGE
IMPLIED from src\main\AndroidManifest.xml:3:1-6:12 reason: com.google.ar.core.unity.manifestsettings requested WRITE_EXTERNAL_STORAGE
uses-permission#android.permission.ACCESS_NETWORK_STATE
ADDED from [:libcore-release:] AndroidManifest.xml:12:5-79
MERGED from [:libtelemetry-full-release:] AndroidManifest.xml:14:5-79
MERGED from [:libtelemetry-full-release:] AndroidManifest.xml:14:5-79
	android:name
		ADDED from [:libcore-release:] AndroidManifest.xml:12:22-76
uses-permission#android.permission.WAKE_LOCK
ADDED from [:libtelemetry-full-release:] AndroidManifest.xml:12:5-68
	android:name
		ADDED from [:libtelemetry-full-release:] AndroidManifest.xml:12:22-65
uses-permission#android.permission.ACCESS_WIFI_STATE
ADDED from [:libtelemetry-full-release:] AndroidManifest.xml:15:5-76
	android:name
		ADDED from [:libtelemetry-full-release:] AndroidManifest.xml:15:22-73
provider#com.mapbox.android.telemetry.provider.MapboxTelemetryInitProvider
ADDED from [:libtelemetry-full-release:] AndroidManifest.xml:19:9-23:39
	android:authorities
		ADDED from [:libtelemetry-full-release:] AndroidManifest.xml:21:13-79
	android:exported
		ADDED from [:libtelemetry-full-release:] AndroidManifest.xml:22:13-37
	android:initOrder
		ADDED from [:libtelemetry-full-release:] AndroidManifest.xml:23:13-36
	android:name
		ADDED from [:libtelemetry-full-release:] AndroidManifest.xml:20:13-93
service#com.mapbox.android.telemetry.crash.CrashReporterJobIntentService
ADDED from [:libtelemetry-full-release:] AndroidManifest.xml:25:9-27:72
	android:permission
		ADDED from [:libtelemetry-full-release:] AndroidManifest.xml:27:13-69
	android:name
		ADDED from [:libtelemetry-full-release:] AndroidManifest.xml:26:13-92